<style><!DOCTYPE html>
<html>
<head>
    <title>Automation Flow Report</title>
    <meta charset="utf-8">
    <meta name="viewport" content="width=device-width, initial-scale=1.0">
    <link rel="stylesheet" href="https://maxcdn.bootstrapcdn.com/bootstrap/3.3.6/css/bootstrap.min.css" integrity="sha384-1q8mTJOASx8j1Au+a5WDVnPi2lkFfwwEAa8hDDdjZlpLegxhjVME1fgjWPGmkzs7" crossorigin="anonymous">
</head>
<body>
    <div class="container">
        <div class="row">
            <div class="col-xs-12">
                <h2 class="text-capitalize">Automation Flow Report</h2>
                <p class='attribute'><strong>Start Time: </strong>2023-06-19 14:20:51</p>
                <p class='attribute'><strong>Duration: </strong>1767.69 s</p>
                <p class='attribute'><strong>Summary: </strong>Total: 22, Pass: 22</p>
            </div>
        </div>
        <div class="row">
            <div class="col-xs-12 col-sm-10 col-md-10">
                <table class='table table-hover table-responsive'>
                    <thead>
                        <tr>
                            <th>pageObjects.testAllInOne.Test_AllInOne</th>
                            <th>Status</th>
                            <th></th>
                        </tr>
                    </thead>
                    <tbody>
                        <tr class='success'>
                            <td class="col-xs-10">test_addDRPolicyToWave</td>
                            <td class="col-xs-1">
                                <span class="label label-success" style="display:block;width:40px;">Pass</span>
                            </td>
                            <td class="col-xs-1">
                            </td>
                        </tr>
                        <tr class='success'>
                            <td class="col-xs-10">test_addHostToWave</td>
                            <td class="col-xs-1">
                                <span class="label label-success" style="display:block;width:40px;">Pass</span>
                            </td>
                            <td class="col-xs-1">
                            </td>
                        </tr>
                        <tr class='success'>
                            <td class="col-xs-10">test_addVCenter</td>
                            <td class="col-xs-1">
                                <span class="label label-success" style="display:block;width:40px;">Pass</span>
                            </td>
                            <td class="col-xs-1">
                            </td>
                        </tr>
                        <tr class='success'>
                            <td class="col-xs-10">test_bulkEditSyncOption</td>
                            <td class="col-xs-1">
                                <span class="label label-success" style="display:block;width:40px;">Pass</span>
                            </td>
                            <td class="col-xs-1">
                            </td>
                        </tr>
                        <tr class='success'>
                            <td class="col-xs-10">test_changeTargetType</td>
                            <td class="col-xs-1">
                                <span class="label label-success" style="display:block;width:40px;">Pass</span>
                            </td>
                            <td class="col-xs-1">
                            </td>
                        </tr>
                        <tr class='success'>
                            <td class="col-xs-10">test_clickOnLogin</td>
                            <td class="col-xs-1">
                                <span class="label label-success" style="display:block;width:40px;">Pass</span>
                            </td>
                            <td class="col-xs-1">
                            </td>
                        </tr>
                        <tr class='success'>
                            <td class="col-xs-10">test_clickOnLogout</td>
                            <td class="col-xs-1">
                                <span class="label label-success" style="display:block;width:40px;">Pass</span>
                            </td>
                            <td class="col-xs-1">
                            </td>
                        </tr>
                        <tr class='success'>
                            <td class="col-xs-10">test_createDRPolicy</td>
                            <td class="col-xs-1">
                                <span class="label label-success" style="display:block;width:40px;">Pass</span>
                            </td>
                            <td class="col-xs-1">
                            </td>
                        </tr>
                        <tr class='success'>
                            <td class="col-xs-10">test_createWaveWithHost</td>
                            <td class="col-xs-1">
                                <span class="label label-success" style="display:block;width:40px;">Pass</span>
                            </td>
                            <td class="col-xs-1">
                            </td>
                        </tr>
                        <tr class='success'>
                            <td class="col-xs-10">test_failoverHost</td>
                            <td class="col-xs-1">
                                <span class="label label-success" style="display:block;width:40px;">Pass</span>
                            </td>
                            <td class="col-xs-1">
                            </td>
                        </tr>
                        <tr class='success'>
                            <td class="col-xs-10">test_pauseDRPolicy</td>
                            <td class="col-xs-1">
                                <span class="label label-success" style="display:block;width:40px;">Pass</span>
                            </td>
                            <td class="col-xs-1">
                            </td>
                        </tr>
                        <tr class='success'>
                            <td class="col-xs-10">test_resumePolicy</td>
                            <td class="col-xs-1">
                                <span class="label label-success" style="display:block;width:40px;">Pass</span>
                            </td>
                            <td class="col-xs-1">
                            </td>
                        </tr>
                        <tr class='success'>
                            <td class="col-xs-10">test_setAutoprovision</td>
                            <td class="col-xs-1">
                                <span class="label label-success" style="display:block;width:40px;">Pass</span>
                            </td>
                            <td class="col-xs-1">
                            </td>
                        </tr>
                        <tr class='success'>
                            <td class="col-xs-10">test_setParallelCount</td>
                            <td class="col-xs-1">
                                <span class="label label-success" style="display:block;width:40px;">Pass</span>
                            </td>
                            <td class="col-xs-1">
                            </td>
                        </tr>
                        <tr class='success'>
                            <td class="col-xs-10">test_startWave</td>
                            <td class="col-xs-1">
                                <span class="label label-success" style="display:block;width:40px;">Pass</span>
                            </td>
                            <td class="col-xs-1">
                            </td>
                        </tr>
                        <tr class='success'>
                            <td class="col-xs-10">test_startWave</td>
                            <td class="col-xs-1">
                                <span class="label label-success" style="display:block;width:40px;">Pass</span>
                            </td>
                            <td class="col-xs-1">
                            </td>
                        </tr>
                        <tr class='success'>
                            <td class="col-xs-10">test_tearDown</td>
                            <td class="col-xs-1">
                                <span class="label label-success" style="display:block;width:40px;">Pass</span>
                            </td>
                            <td class="col-xs-1">
                            </td>
                        </tr>
                        <tr class='success'>
                            <td class="col-xs-10">test_tearDown</td>
                            <td class="col-xs-1">
                                <span class="label label-success" style="display:block;width:40px;">Pass</span>
                            </td>
                            <td class="col-xs-1">
                            </td>
                        </tr>
                        <tr class='success'>
                            <td class="col-xs-10">test_verifyDRHostSyncStatus</td>
                            <td class="col-xs-1">
                                <span class="label label-success" style="display:block;width:40px;">Pass</span>
                            </td>
                            <td class="col-xs-1">
                            </td>
                        </tr>
                        <tr class='success'>
                            <td class="col-xs-10">test_verifySyncDetails</td>
                            <td class="col-xs-1">
                                <span class="label label-success" style="display:block;width:40px;">Pass</span>
                            </td>
                            <td class="col-xs-1">
                            </td>
                        </tr>
                        <tr class='success'>
                            <td class="col-xs-10">test_verifySyncSuccess</td>
                            <td class="col-xs-1">
                                <span class="label label-success" style="display:block;width:40px;">Pass</span>
                            </td>
                            <td class="col-xs-1">
                            </td>
                        </tr>
                        <tr class='success'>
                            <td class="col-xs-10">test_verifySyncSuccess</td>
                            <td class="col-xs-1">
                                <span class="label label-success" style="display:block;width:40px;">Pass</span>
                            </td>
                            <td class="col-xs-1">
                            </td>
                        </tr>
                        <tr>
                            <td colspan="3">
                                Total: 22, Pass: 22 -- Duration: 1767.69 s
                            </td>
                        </tr>
                    </tbody>
                </table>
            </div>
        </div>
    </div>
    <script src="https://ajax.googleapis.com/ajax/libs/jquery/2.2.4/jquery.min.js"></script>
    <script type="text/javascript">
        $(document).ready(function(){
            $('td').on('click', '.btn', function(e){
                e.preventDefault();
                e.stopImmediatePropagation();
                var $this = $(this);
                var $nextRow = $this.closest('tr').next('tr');
                $nextRow.slideToggle("fast");
                $this.text(function(i, text){
                    if (text === 'View') {
                        return 'Hide';
                    } else {
                        return 'View';
                    };
                });
            });
        });
    </script>
</body>
</html</style>
Running tests... 
----------------------------------------------------------------------
 test_clickOnLogin (pageObjects.testAllInOne.Test_AllInOne.test_clickOnLogin) ... OK (9.912988)s
 test_createWaveWithHost (pageObjects.testAllInOne.Test_AllInOne.test_createWaveWithHost) ... OK (15.952022)s
 test_addHostToWave (pageObjects.testAllInOne.Test_AllInOne.test_addHostToWave) ... OK (26.559288)s
 test_bulkEditSyncOption (pageObjects.testAllInOne.Test_AllInOne.test_bulkEditSyncOption) ... OK (26.126015)s
 test_addVCenter (pageObjects.testAllInOne.Test_AllInOne.test_addVCenter) ... OK (11.036900)s
 test_setAutoprovision (pageObjects.testAllInOne.Test_AllInOne.test_setAutoprovision) ... OK (65.150528)s
 test_setParallelCount (pageObjects.testAllInOne.Test_AllInOne.test_setParallelCount) ... OK (9.125720)s
 test_startWave (pageObjects.testAllInOne.Test_AllInOne.test_startWave) ... OK (1159.750664)s
 test_verifySyncSuccess (pageObjects.testAllInOne.Test_AllInOne.test_verifySyncSuccess) ... OK (5.073696)s
 test_verifySyncDetails (pageObjects.testAllInOne.Test_AllInOne.test_verifySyncDetails) ... OK (67.370529)s
 test_createDRPolicy (pageObjects.testAllInOne.Test_AllInOne.test_createDRPolicy) ... OK (16.366624)s
 test_addDRPolicyToWave (pageObjects.testAllInOne.Test_AllInOne.test_addDRPolicyToWave) ... OK (61.813103)s
 test_resumePolicy (pageObjects.testAllInOne.Test_AllInOne.test_resumePolicy) ... OK (15.500989)s
 test_pauseDRPolicy (pageObjects.testAllInOne.Test_AllInOne.test_pauseDRPolicy) ... OK (19.777291)s
 test_verifyDRHostSyncStatus (pageObjects.testAllInOne.Test_AllInOne.test_verifyDRHostSyncStatus) ... OK (23.053127)s
 test_changeTargetType (pageObjects.testAllInOne.Test_AllInOne.test_changeTargetType) ... OK (41.545727)s
 test_tearDown (pageObjects.testAllInOne.Test_AllInOne.test_tearDown) ... OK (5.007234)s
 test_startWave (pageObjects.testAllInOne.Test_AllInOne.test_startWave) ... OK (14.601877)s
 test_verifySyncSuccess (pageObjects.testAllInOne.Test_AllInOne.test_verifySyncSuccess) ... OK (12.367567)s
 test_failoverHost (pageObjects.testAllInOne.Test_AllInOne.test_failoverHost) ... OK (31.681038)s
 test_tearDown (pageObjects.testAllInOne.Test_AllInOne.test_tearDown) ... OK (124.347108)s
 test_clickOnLogout (pageObjects.testAllInOne.Test_AllInOne.test_clickOnLogout) ... OK (5.565262)s

----------------------------------------------------------------------
Ran 22 tests in 0:29:27

OK



Generating HTML reports... 
reports\TestResults_pageObjects.testAllInOne.Test_AllInOne_2023-06-19_14-20-29.html
